<?xml version="1.0" encoding="UTF-8"?>
<!-- Generated by org.testng.reporters.JUnitXMLReporter -->
<testsuite ignored="3" hostname="nandakiran-nfl" failures="0" tests="1" name="Surefire test" time="27.774" errors="0" timestamp="2025-05-21T17:51:08 IST">
  <testcase classname="web.HomePageTests" name="verifyCart" time="15.684"/>
  <testcase classname="web.HomePageTests" name="verifyHomePage" time="0.0">
    <ignored/>
  </testcase> <!-- verifyHomePage -->
  <testcase classname="web.HomePageTests" name="verifyWishlist" time="0.0">
    <ignored/>
  </testcase> <!-- verifyWishlist -->
  <testcase classname="web.HomePageTests" name="verifyProfileFeature" time="0.0">
    <ignored/>
  </testcase> <!-- verifyProfileFeature -->
</testsuite> <!-- Surefire test -->
