<?xml version="1.0" encoding="UTF-8"?>
<!-- Generated by org.testng.reporters.JUnitXMLReporter -->
<testsuite ignored="2" hostname="nandakiran-nfl" failures="0" tests="1" name="Default test" time="0.04" errors="0" timestamp="2025-04-22T17:30:37 IST">
  <testcase classname="web.LoginPageTests" name="contains" time="0.003"/>
  <testcase classname="web.LoginPageTests" name="verifyLoginFeaturesAndLoginIntoApplication" time="0.0">
    <ignored/>
  </testcase> <!-- verifyLoginFeaturesAndLoginIntoApplication -->
  <testcase classname="web.LoginPageTests" name="mapsComapare" time="0.0">
    <ignored/>
  </testcase> <!-- mapsComapare -->
</testsuite> <!-- Default test -->
