<?xml version="1.0" encoding="UTF-8"?>
<!-- Generated by org.testng.reporters.JUnitXMLReporter -->
<testsuite ignored="1" hostname="nandakiran-nfl" failures="0" tests="1" name="Default test" time="18.874" errors="0" timestamp="2025-05-10T01:03:58 IST">
  <testcase classname="web.HomePageTests" name="verifyProfileFeature" time="3.526"/>
  <testcase classname="web.HomePageTests" name="verifyHomePage" time="0.0">
    <ignored/>
  </testcase> <!-- verifyHomePage -->
</testsuite> <!-- Default test -->
