<?xml version="1.0" encoding="UTF-8"?>
<testng-results ignored="0" total="1" passed="1" failed="0" skipped="0">
  <reporter-output>
  </reporter-output>
  <suite started-at="2025-05-21T17:50:40 IST" name="Surefire suite" finished-at="2025-05-21T17:51:08 IST" duration-ms="27774">
    <groups>
    </groups>
    <test started-at="2025-05-21T17:50:40 IST" name="Surefire test" finished-at="2025-05-21T17:51:08 IST" duration-ms="27774">
      <class name="web.HomePageTests">
        <test-method is-config="true" signature="setupBrowser()[pri:0, instance:web.HomePageTests@19b93fa8]" started-at="2025-05-21T17:50:40 IST" name="setupBrowser" finished-at="2025-05-21T17:50:48 IST" duration-ms="7981" status="PASS">
          <reporter-output>
          </reporter-output>
        </test-method> <!-- setupBrowser -->
        <test-method is-config="true" signature="initialization()[pri:0, instance:web.HomePageTests@19b93fa8]" started-at="2025-05-21T17:50:48 IST" name="initialization" finished-at="2025-05-21T17:50:52 IST" duration-ms="4068" status="PASS">
          <reporter-output>
          </reporter-output>
        </test-method> <!-- initialization -->
        <test-method signature="verifyCart()[pri:0, instance:web.HomePageTests@19b93fa8]" started-at="2025-05-21T17:50:52 IST" name="verifyCart" finished-at="2025-05-21T17:51:08 IST" duration-ms="15684" status="PASS">
          <reporter-output>
          </reporter-output>
        </test-method> <!-- verifyCart -->
        <test-method is-config="true" signature="tearDownBwoser()[pri:0, instance:web.HomePageTests@19b93fa8]" started-at="2025-05-21T17:51:08 IST" name="tearDownBwoser" finished-at="2025-05-21T17:51:08 IST" duration-ms="2" status="PASS">
          <reporter-output>
          </reporter-output>
        </test-method> <!-- tearDownBwoser -->
      </class> <!-- web.HomePageTests -->
    </test> <!-- Surefire test -->
  </suite> <!-- Surefire suite -->
</testng-results>
