<?xml version="1.0" encoding="UTF-8"?>
<testng-results ignored="0" total="1" passed="1" failed="0" skipped="0">
  <reporter-output>
  </reporter-output>
  <suite started-at="2025-04-19T23:26:55 IST" name="Surefire suite" finished-at="2025-04-19T23:26:55 IST" duration-ms="32">
    <groups>
    </groups>
    <test started-at="2025-04-19T23:26:55 IST" name="Surefire test" finished-at="2025-04-19T23:26:55 IST" duration-ms="32">
      <class name="web.LoggerTester">
        <test-method signature="test()[pri:0, instance:web.LoggerTester@36328d33]" started-at="2025-04-19T23:26:55 IST" name="test" finished-at="2025-04-19T23:26:55 IST" duration-ms="7" status="PASS">
          <reporter-output>
          </reporter-output>
        </test-method> <!-- test -->
      </class> <!-- web.LoggerTester -->
    </test> <!-- Surefire test -->
  </suite> <!-- Surefire suite -->
</testng-results>
