<?xml version="1.0" encoding="UTF-8"?>
<testng-results ignored="0" total="1" passed="1" failed="0" skipped="0">
  <reporter-output>
  </reporter-output>
  <suite started-at="2025-05-02T01:09:00 IST" name="Default suite" finished-at="2025-05-02T01:09:20 IST" duration-ms="20159">
    <groups>
    </groups>
    <test started-at="2025-05-02T01:09:00 IST" name="Default test" finished-at="2025-05-02T01:09:20 IST" duration-ms="20159">
      <class name="web.HomePageTests">
        <test-method is-config="true" signature="setupBrowser()[pri:0, instance:web.HomePageTests@545de5a4]" started-at="2025-05-02T01:09:00 IST" name="setupBrowser" finished-at="2025-05-02T01:09:12 IST" duration-ms="11704" status="PASS">
          <reporter-output>
          </reporter-output>
        </test-method> <!-- setupBrowser -->
        <test-method is-config="true" signature="initialization()[pri:0, instance:web.HomePageTests@545de5a4]" started-at="2025-05-02T01:09:12 IST" name="initialization" finished-at="2025-05-02T01:09:18 IST" duration-ms="6087" status="PASS">
          <reporter-output>
          </reporter-output>
        </test-method> <!-- initialization -->
        <test-method signature="verifyHomePage()[pri:0, instance:web.HomePageTests@545de5a4]" started-at="2025-05-02T01:09:18 IST" name="verifyHomePage" finished-at="2025-05-02T01:09:20 IST" duration-ms="2310" status="PASS">
          <reporter-output>
          </reporter-output>
        </test-method> <!-- verifyHomePage -->
        <test-method is-config="true" signature="tearDownBwoser()[pri:0, instance:web.HomePageTests@545de5a4]" started-at="2025-05-02T01:09:20 IST" name="tearDownBwoser" finished-at="2025-05-02T01:09:20 IST" duration-ms="1" status="PASS">
          <reporter-output>
          </reporter-output>
        </test-method> <!-- tearDownBwoser -->
      </class> <!-- web.HomePageTests -->
    </test> <!-- Default test -->
  </suite> <!-- Default suite -->
</testng-results>
